anyio==4.8.0
bunch==1.0.1
CacheControl==0.14.2
certifi==2025.1.31
cffi==1.17.1
cfscrape==2.1.1
charset-normalizer==3.4.1
construct==2.10.68
construct-typing==0.5.6
exceptiongroup==1.2.2
filelock==3.17.0
h11==0.14.0
httpcore==1.0.7
httpx==0.28.1
idna==3.10
jsonalias==0.1.1
lockfile==0.12.2
msgpack==1.1.0
pycparser==2.22
PyNaCl==1.5.0
python-telegram-bot==21.10
PyYAML==6.0.2
requests==2.32.3
simplejson==3.20.1
sniffio==1.3.1
solana==0.36.6
solders==0.26.0
spl==0.0.1.dev0
typing_extensions==4.12.2
urllib3==2.3.0
websockets==15.0
